\BOOKMARK [1][-]{section.1}{この仕様書で用いるBNFについて}{}% 1
\BOOKMARK [1][-]{section.2}{formuraのインストールと使用方法}{}% 2
\BOOKMARK [2][-]{subsection.2.1}{バイナリインストール}{section.2}% 3
\BOOKMARK [2][-]{subsection.2.2}{ソースインストール}{section.2}% 4
\BOOKMARK [2][-]{subsection.2.3}{使用方法}{section.2}% 5
\BOOKMARK [1][-]{section.3}{formura文法}{}% 6
\BOOKMARK [2][-]{subsection.3.1}{文字}{section.3}% 7
\BOOKMARK [2][-]{subsection.3.2}{字句解析}{section.3}% 8
\BOOKMARK [2][-]{subsection.3.3}{文}{section.3}% 9
\BOOKMARK [2][-]{subsection.3.4}{型}{section.3}% 10
\BOOKMARK [2][-]{subsection.3.5}{式}{section.3}% 11
\BOOKMARK [2][-]{subsection.3.6}{演算子と優先順位}{section.3}% 12
\BOOKMARK [2][-]{subsection.3.7}{式の左辺}{section.3}% 13
\BOOKMARK [2][-]{subsection.3.8}{formura文法の全定義}{section.3}% 14
\BOOKMARK [1][-]{section.4}{formuraにおける演算の意味論}{}% 15
\BOOKMARK [2][-]{subsection.4.1}{formuraの演算}{section.4}% 16
\BOOKMARK [2][-]{subsection.4.2}{formuraの意味論}{section.4}% 17
\BOOKMARK [2][-]{subsection.4.3}{formuraの暗黙の型変換}{section.4}% 18
\BOOKMARK [2][-]{subsection.4.4}{添字を明示した演算}{section.4}% 19
\BOOKMARK [2][-]{subsection.4.5}{添字を省いたグリッド演算}{section.4}% 20
\BOOKMARK [1][-]{section.5}{formuraの生成するコード}{}% 21
\BOOKMARK [2][-]{subsection.5.1}{コード実行の流れ}{section.5}% 22
\BOOKMARK [2][-]{subsection.5.2}{C/C++言語からの呼び出し規約}{section.5}% 23
\BOOKMARK [2][-]{subsection.5.3}{Fortranからの呼び出し規約}{section.5}% 24
\BOOKMARK [1][-]{section.6}{formura文法の利用}{}% 25
